BiDownload
RiAddCircleFill
RiAddFill
RiArrowDownSLine
RiArrowGoBackLine
RiArrowLeftLine
RiArrowUpSLine
RiAtLine
RiBook2Line
RiCheckDoubleLine
RiCheckLine
RiClipboardLine
RiCloseCircleFill
RiContactsBookLine
RiContactsLine
RiDeleteBinLine
RiExternalLinkLine
RiGalleryLine
RiGithubFill
RiHandCoinFill
RiHistoryLine
RiInformationFill
RiLinkUnlinkM
RiLoader5Line
RiMoonFill
RiMore2Fill
RiNpmjsFill
RiPencilFill
RiPencilLine
RiProfileLine
RiQuestionMark
RiReservedFill
RiReservedLine
RiRestartLine
RiSearchLine
RiSendPlaneFill
RiSunFill
RiWalletLine
RiWifiLine
